<?xml version="1.0" encoding="UTF-8"?>
<!-- Generated by org.testng.reporters.JUnitReportReporter -->
<testsuite hostname="TYSS-Piyush-Baldaniya" failures="0" tests="1" name="tests.InventoryTest" time="4.276" errors="0" timestamp="2025-03-15T13:19:26 IST" skipped="0">
  <testcase classname="tests.InventoryTest" name="testProductSorting" time="4.276"/>
</testsuite> <!-- tests.InventoryTest -->
