<?xml version="1.0" encoding="UTF-8"?>
<!-- Generated by org.testng.reporters.JUnitReportReporter -->
<testsuite hostname="TYSS-Piyush-Baldaniya" failures="0" tests="8" name="tests.LoginTest" time="20.110" errors="0" timestamp="2025-03-15T02:55:19 IST" skipped="0">
  <testcase classname="tests.LoginTest" name="testLogin" time="2.393"/>
  <testcase classname="tests.LoginTest" name="testLogin" time="1.836"/>
  <testcase classname="tests.LoginTest" name="testLogin" time="1.767"/>
  <testcase classname="tests.LoginTest" name="testLogin" time="6.878"/>
  <testcase classname="tests.LoginTest" name="testLogin" time="1.775"/>
  <testcase classname="tests.LoginTest" name="testLogin" time="1.838"/>
  <testcase classname="tests.LoginTest" name="testLogin" time="1.814"/>
  <testcase classname="tests.LoginTest" name="testLogin" time="1.809"/>
</testsuite> <!-- tests.LoginTest -->
