<?xml version="1.0" encoding="UTF-8"?>
<!-- Generated by org.testng.reporters.JUnitReportReporter -->
<testsuite hostname="TYSS-Piyush-Baldaniya" failures="0" tests="1" name="tests.ProductTest" time="2.592" errors="0" timestamp="2025-03-15T02:52:34 IST" skipped="0">
  <testcase classname="tests.ProductTest" name="testPriceSorting" time="2.592"/>
</testsuite> <!-- tests.ProductTest -->
