<?xml version="1.0" encoding="UTF-8"?>
<!-- Generated by org.testng.reporters.JUnitReportReporter -->
<testsuite hostname="TYSS-Piyush-Baldaniya" failures="0" tests="1" name="tests.CartTest" time="2.644" errors="0" timestamp="2025-03-15T03:05:59 IST" skipped="0">
  <testcase classname="tests.CartTest" name="testRemoveProduct" time="2.644"/>
</testsuite> <!-- tests.CartTest -->
